00:00:00.004467 main     VirtualBox COM Server 6.1.28 r147628 win.amd64 (Oct 18 2021 18:49:03) release log
00:00:00.004470 main     Log opened 2022-04-24T08:00:21.723033000Z
00:00:00.004471 main     Build Type: release
00:00:00.004475 main     OS Product: Windows 11
00:00:00.004476 main     OS Release: 10.0.22000
00:00:00.004477 main     OS Service Pack: 
00:00:00.061789 main     DMI Product Name: Inspiron 15 3511
00:00:00.071999 main     DMI Product Version: 
00:00:00.072007 main     Firmware type: UEFI
00:00:00.072249 main     Secure Boot: VERR_PRIVILEGE_NOT_HELD
00:00:00.072267 main     Host RAM: 7926MB (7.7GB) total, 2602MB (2.5GB) available
00:00:00.072274 main     Executable: C:\Program Files\Oracle\VirtualBox\VBoxSVC.exe
00:00:00.072274 main     Process ID: 6828
00:00:00.072274 main     Package type: WINDOWS_64BITS_GENERIC
00:00:00.192584          VirtualBox: object creation starts
00:00:00.194547          Home directory: 'C:\Users\reddy\.VirtualBox'
00:00:00.194977          Installed Drivers:
00:00:00.198214            C:\WINDOWS\system32\DRIVERS\VBoxNetLwf.sys (Version: 6.1.28.47628)
00:00:00.199136            C:\WINDOWS\system32\DRIVERS\VBoxUSBMon.sys (Version: 6.1.28.47628)
00:00:00.200126            C:\WINDOWS\system32\DRIVERS\VBoxDrv.sys (Version: 6.1.28.47628)
00:00:00.207820          Loading settings file "C:\Users\reddy\.VirtualBox\VirtualBox.xml" with version "1.12-windows"
00:00:00.213242          usbLibGetDevices: Starting USB device enumeration
00:00:00.228650          Getting USB descriptor (id 0) failed (dwErr=31) on hub USB#ROOT_HUB30#4&281396e5&0&0#{f18a0e88-c30c-11d0-8815-00a0c906bed8} port 6
00:00:00.229116          Getting USB descriptor (id 0) failed (dwErr=31) on hub USB#ROOT_HUB30#4&281396e5&0&0#{f18a0e88-c30c-11d0-8815-00a0c906bed8} port 10
00:00:00.229943          usbLibGetDevices: Found 2 USB devices, 0 captured
00:00:00.231723          USB: Unknown USB device detected (idVendor: 0x0bda, idProduct: 0xc829)
00:00:00.232551          USB: Unknown USB device detected (idVendor: 0x0c45, idProduct: 0x6730)
00:00:00.270099          netIfIsWireless: CreateFile on '\\.\{F44AD32E-5013-4F96-BB07-135880781B10}' failed with rcWin=2 (0x2) - ignoring
00:00:00.276543          HostDnsMonitor: initializing
00:00:00.282813          HostDnsMonitor: updating information
00:00:00.282816          HostDnsMonitor: unchanged
00:00:00.390034          VD: VDInit finished with VINF_SUCCESS
00:00:00.399128          Loading settings file "C:\Users\reddy\VirtualBox VMs\kalilinux\kalilinux.vbox" with version "1.16-windows"
00:00:00.419149          OCI: Local config file 'C:\Users\reddy\.VirtualBox\oci_config' does not exist
00:00:00.419210          OCI: Original config file 'C:\Users\reddy\.oci\config' does not exist
00:00:00.419211          OCI: Reading profiles finished with status ERROR_SUCCESS
00:00:00.419645          ExtPack: Created cloud provider 'OCI' (hrc=ERROR_SUCCESS)
00:00:00.419694          VirtualBox: object created
00:00:00.523851          Launched VM: 62447136 pid: 14840 (0x39f8) frontend: GUI/Qt name: kalilinux
00:00:05.087707          Load [C:\Program Files\Oracle\VirtualBox\ExtensionPacks\Oracle_VM_VirtualBox_Extension_Pack\win.amd64\VBoxHostWebcam.DLL] vrc=VINF_SUCCESS
00:00:05.254399          ERROR [COM]: aRC=VBOX_E_IPRT_ERROR (0x80bb0005) aIID={85632c68-b5bb-4316-a900-5eb28d3413df} aComponent={SessionMachine} aText={Saved screenshot data is not available (VERR_NOT_SUPPORTED)}, preserve=false aResultDetail=-37
00:00:05.487338          netIfIsWireless: CreateFile on '\\.\{F44AD32E-5013-4F96-BB07-135880781B10}' failed with rcWin=2 (0x2) - ignoring
00:00:55.794178          Saving settings file "C:\Users\reddy\VirtualBox VMs\kalilinux\kalilinux.vbox" with version "1.16-windows"
00:00:58.326506          Saving settings file "C:\Users\reddy\VirtualBox VMs\kalilinux\kalilinux.vbox" with version "1.16-windows"
00:00:58.448911 SaveState Saving settings file "C:\Users\reddy\VirtualBox VMs\kalilinux\kalilinux.vbox" with version "1.16-windows"
00:01:05.331135 main     VirtualBox: object deletion starts
00:01:05.332541 main     ERROR [COM]: aRC=VBOX_E_OBJECT_IN_USE (0x80bb000c) aIID={ad47ad09-787b-44ab-b343-a082a3f2dfb1} aComponent={MediumWrap} aText={Medium 'C:\Users\reddy\VirtualBox VMs\kalilinux\kalilinux.vdi' cannot be closed because it is still attached to 1 virtual machines}, preserve=false aResultDetail=0
00:01:05.335320 main     HostDnsMonitor: shutting down ...
00:01:05.335957 main     HostDnsMonitor: shut down
00:01:05.344441 Watcher  ERROR [COM]: aRC=E_ACCESSDENIED (0x80070005) aIID={d0a0163f-e254-4e5b-a1f2-011cf991c38d} aComponent={VirtualBoxWrap} aText={The object is not ready}, preserve=false aResultDetail=0
00:01:05.345203 main     VirtualBox: object deleted
